<?xml version="1.0" encoding="UTF-8"?>
<!-- Generated by org.testng.reporters.JUnitReportReporter -->
<testsuite hostname="Sourabh-Gole" failures="0" tests="5" name="com.qa.opencart.tests.HomePageTest" time="2.082" errors="0" timestamp="2025-03-16T18:31:57 IST" skipped="0">
  <testcase classname="com.qa.opencart.tests.HomePageTest" name="seachTest" time="0.728"/>
  <testcase classname="com.qa.opencart.tests.HomePageTest" name="homePageURLTest" time="0.005"/>
  <testcase classname="com.qa.opencart.tests.HomePageTest" name="homePageTitleTest" time="0.101"/>
  <testcase classname="com.qa.opencart.tests.HomePageTest" name="seachTest" time="0.591"/>
  <testcase classname="com.qa.opencart.tests.HomePageTest" name="seachTest" time="0.657"/>
</testsuite> <!-- com.qa.opencart.tests.HomePageTest -->
