<?xml version="1.0" encoding="UTF-8"?>
<!-- Generated by org.testng.reporters.JUnitReportReporter -->
<testsuite hostname="Sourabh-Gole" failures="0" tests="3" name="com.qa.opencart.tests.LoginPageTest" time="1.737" errors="0" timestamp="2025-03-16T17:35:52 IST" skipped="0">
  <testcase classname="com.qa.opencart.tests.LoginPageTest" name="loginPageNavigationTest" time="0.767"/>
  <testcase classname="com.qa.opencart.tests.LoginPageTest" name="forgotLinkExistTest" time="0.071"/>
  <testcase classname="com.qa.opencart.tests.LoginPageTest" name="appLoginTest" time="0.899"/>
</testsuite> <!-- com.qa.opencart.tests.LoginPageTest -->
