<?xml version="1.0" encoding="UTF-8"?>
<!-- Generated by org.testng.reporters.JUnitReportReporter -->
<testsuite hostname="Sourabh-Gole" failures="0" tests="5" name="pom.qa.opencart.tests.HomePageTest" time="1.706" errors="0" timestamp="2025-03-16T14:32:10 IST" skipped="0">
  <testcase classname="pom.qa.opencart.tests.HomePageTest" name="homePageURLTest" time="0.008"/>
  <testcase classname="pom.qa.opencart.tests.HomePageTest" name="seachTest" time="0.485"/>
  <testcase classname="pom.qa.opencart.tests.HomePageTest" name="seachTest" time="0.587"/>
  <testcase classname="pom.qa.opencart.tests.HomePageTest" name="seachTest" time="0.543"/>
  <testcase classname="pom.qa.opencart.tests.HomePageTest" name="homePageTitleTest" time="0.083"/>
</testsuite> <!-- pom.qa.opencart.tests.HomePageTest -->
