<?xml version="1.0" encoding="UTF-8"?>
<!-- Generated by org.testng.reporters.JUnitReportReporter -->
<testsuite hostname="Sourabh-Gole" failures="0" tests="5" name="pom.qa.opencart.tests.HomePageTest" time="1.720" errors="0" timestamp="2025-03-16T16:27:22 IST" skipped="0">
  <testcase classname="pom.qa.opencart.tests.HomePageTest" name="homePageURLTest" time="0.007"/>
  <testcase classname="pom.qa.opencart.tests.HomePageTest" name="seachTest" time="0.542"/>
  <testcase classname="pom.qa.opencart.tests.HomePageTest" name="seachTest" time="0.513"/>
  <testcase classname="pom.qa.opencart.tests.HomePageTest" name="homePageTitleTest" time="0.030"/>
  <testcase classname="pom.qa.opencart.tests.HomePageTest" name="seachTest" time="0.628"/>
</testsuite> <!-- pom.qa.opencart.tests.HomePageTest -->
